生成启动时间为 2014/6/10 21:56:20。
     1>项目“F:\cocos2dx\cocos2d-2.0-x-2.0.4\cocos2d-2.0-x-2.0.4\MyTry5\proj.win32\MyTry5.win32.vcxproj”在节点 2 上(build 个目标)。
     1>InitializeBuildStatus:
         正在创建“Debug.win32\MyTry5.win32.unsuccessfulbuild”，因为已指定“AlwaysCreate”。
       ClCompile:
         所有输出均为最新。
       ResourceCompile:
         所有输出均为最新。
       ManifestResourceCompile:
         所有输出均为最新。
       Link:
         所有输出均为最新。
       Manifest:
         所有输出均为最新。
       FinalizeBuildStatus:
         正在删除文件“Debug.win32\MyTry5.win32.unsuccessfulbuild”。
         正在对“Debug.win32\MyTry5.win32.lastbuildstate”执行 Touch 任务。
     1>已完成生成项目“F:\cocos2dx\cocos2d-2.0-x-2.0.4\cocos2d-2.0-x-2.0.4\MyTry5\proj.win32\MyTry5.win32.vcxproj”(build 个目标)的操作。

生成成功。

已用时间 00:00:00.16
